# JRE version: OpenJDK Runtime Environment (16.0.1+9) (build 16.0.1+9-24)
# Java VM: OpenJDK 64-Bit Server VM (16.0.1+9-24, mixed mode, tiered, compressed oops, compressed class ptrs, g1 gc, windows-amd64)
GC Precious Log:
 CPUs: 8 total, 8 available
 Memory: 16278M
 Large Page Support: Disabled
 NUMA Support: Disabled
 Compressed Oops: Enabled (Zero based)
 Heap Region Size: 2M
 Heap Min Capacity: 8M
 Heap Initial Capacity: 256M
 Heap Max Capacity: 4070M
 Pre-touch: Disabled
 Parallel Workers: 8
 Concurrent Workers: 2
 Concurrent Refinement Workers: 8
 Periodic GC: Disabled
Heap:
 garbage-first heap   total 786432K, used 251733K [0x0000000701a00000, 0x0000000800000000)
  region size 2048K, 3 young (6144K), 3 survivors (6144K)
 Metaspace       used 3883K, committed 4032K, reserved 1056768K
  class space    used 319K, committed 384K, reserved 1048576K
GC Heap History (17 events):
Event: 0.162 GC heap before
{Heap before GC invocations=0 (full 0):
 garbage-first heap   total 262144K, used 22528K [0x0000000701a00000, 0x0000000800000000)
  region size 2048K, 11 young (22528K), 0 survivors (0K)
 Metaspace       used 3883K, committed 4032K, reserved 1056768K
  class space    used 319K, committed 384K, reserved 1048576K
}
Event: 0.216 GC heap after
{Heap after GC invocations=1 (full 0):
 garbage-first heap   total 262144K, used 11113K [0x0000000701a00000, 0x0000000800000000)
  region size 2048K, 2 young (4096K), 2 survivors (4096K)
 Metaspace       used 3883K, committed 4032K, reserved 1056768K
  class space    used 319K, committed 384K, reserved 1048576K
}
Event: 0.237 GC heap before
{Heap before GC invocations=1 (full 0):
 garbage-first heap   total 262144K, used 33641K [0x0000000701a00000, 0x0000000800000000)
  region size 2048K, 13 young (26624K), 2 survivors (4096K)
 Metaspace       used 3883K, committed 4032K, reserved 1056768K
  class space    used 319K, committed 384K, reserved 1048576K
}
Event: 0.356 GC heap after
{Heap after GC invocations=2 (full 0):
 garbage-first heap   total 262144K, used 30058K [0x0000000701a00000, 0x0000000800000000)
  region size 2048K, 2 young (4096K), 2 survivors (4096K)
 Metaspace       used 3883K, committed 4032K, reserved 1056768K
  class space    used 319K, committed 384K, reserved 1048576K
}
Event: 0.362 GC heap before
{Heap before GC invocations=2 (full 0):
 garbage-first heap   total 262144K, used 38250K [0x0000000701a00000, 0x0000000800000000)
  region size 2048K, 6 young (12288K), 2 survivors (4096K)
 Metaspace       used 3883K, committed 4032K, reserved 1056768K
  class space    used 319K, committed 384K, reserved 1048576K
}
Event: 0.408 GC heap after
{Heap after GC invocations=3 (full 0):
 garbage-first heap   total 262144K, used 37887K [0x0000000701a00000, 0x0000000800000000)
  region size 2048K, 1 young (2048K), 1 survivors (2048K)
 Metaspace       used 3883K, committed 4032K, reserved 1056768K
  class space    used 319K, committed 384K, reserved 1048576K
}
Event: 0.425 GC heap before
{Heap before GC invocations=3 (full 0):
 garbage-first heap   total 262144K, used 60415K [0x0000000701a00000, 0x0000000800000000)
  region size 2048K, 12 young (24576K), 1 survivors (2048K)
 Metaspace       used 3883K, committed 4032K, reserved 1056768K
  class space    used 319K, committed 384K, reserved 1048576K
}
Event: 0.524 GC heap after
{Heap after GC invocations=4 (full 0):
 garbage-first heap   total 262144K, used 61397K [0x0000000701a00000, 0x0000000800000000)
  region size 2048K, 2 young (4096K), 2 survivors (4096K)
 Metaspace       used 3883K, committed 4032K, reserved 1056768K
  class space    used 319K, committed 384K, reserved 1048576K
}
Event: 0.547 GC heap before
{Heap before GC invocations=4 (full 0):
 garbage-first heap   total 262144K, used 85973K [0x0000000701a00000, 0x0000000800000000)
  region size 2048K, 14 young (28672K), 2 survivors (4096K)
 Metaspace       used 3883K, committed 4032K, reserved 1056768K
  class space    used 319K, committed 384K, reserved 1048576K
}
Event: 0.653 GC heap after
{Heap after GC invocations=5 (full 0):
 garbage-first heap   total 786432K, used 87800K [0x0000000701a00000, 0x0000000800000000)
  region size 2048K, 2 young (4096K), 2 survivors (4096K)
 Metaspace       used 3883K, committed 4032K, reserved 1056768K
  class space    used 319K, committed 384K, reserved 1048576K
}
Event: 0.698 GC heap before
{Heap before GC invocations=5 (full 0):
 garbage-first heap   total 786432K, used 122616K [0x0000000701a00000, 0x0000000800000000)
  region size 2048K, 19 young (38912K), 2 survivors (4096K)
 Metaspace       used 3883K, committed 4032K, reserved 1056768K
  class space    used 319K, committed 384K, reserved 1048576K
}
Event: 0.845 GC heap after
{Heap after GC invocations=6 (full 0):
 garbage-first heap   total 786432K, used 124594K [0x0000000701a00000, 0x0000000800000000)
  region size 2048K, 3 young (6144K), 3 survivors (6144K)
 Metaspace       used 3883K, committed 4032K, reserved 1056768K
  class space    used 319K, committed 384K, reserved 1048576K
}
Event: 0.872 GC heap before
{Heap before GC invocations=6 (full 0):
 garbage-first heap   total 786432K, used 159410K [0x0000000701a00000, 0x0000000800000000)
  region size 2048K, 20 young (40960K), 3 survivors (6144K)
 Metaspace       used 3883K, committed 4032K, reserved 1056768K
  class space    used 319K, committed 384K, reserved 1048576K
}
Event: 1.022 GC heap after
{Heap after GC invocations=7 (full 0):
 garbage-first heap   total 786432K, used 162547K [0x0000000701a00000, 0x0000000800000000)
  region size 2048K, 3 young (6144K), 3 survivors (6144K)
 Metaspace       used 3883K, committed 4032K, reserved 1056768K
  class space    used 319K, committed 384K, reserved 1048576K
}
Event: 1.054 GC heap before
{Heap before GC invocations=7 (full 0):
 garbage-first heap   total 786432K, used 201459K [0x0000000701a00000, 0x0000000800000000)
  region size 2048K, 22 young (45056K), 3 survivors (6144K)
 Metaspace       used 3883K, committed 4032K, reserved 1056768K
  class space    used 319K, committed 384K, reserved 1048576K
}
Event: 1.235 GC heap after
{Heap after GC invocations=8 (full 0):
 garbage-first heap   total 786432K, used 204800K [0x0000000701a00000, 0x0000000800000000)
  region size 2048K, 3 young (6144K), 3 survivors (6144K)
 Metaspace       used 3883K, committed 4032K, reserved 1056768K
  class space    used 319K, committed 384K, reserved 1048576K
}
Event: 1.273 GC heap before
{Heap before GC invocations=8 (full 0):
 garbage-first heap   total 786432K, used 247808K [0x0000000701a00000, 0x0000000800000000)
  region size 2048K, 24 young (49152K), 3 survivors (6144K)
 Metaspace       used 3883K, committed 4032K, reserved 1056768K
  class space    used 319K, committed 384K, reserved 1048576K
}

